0 info it worked if it ends with ok
1 verbose cli [ '/usr/local/bin/node', '/usr/local/bin/npm', 'i', '-g', 'yarn' ]
2 info using npm@3.10.9
3 info using node@v9.1.0
4 silly loadCurrentTree Starting
5 silly install loadCurrentTree
6 silly install readGlobalPackageData
7 silly fetchPackageMetaData yarn
8 silly fetchNamedPackageData yarn
9 silly mapToRegistry name yarn
10 silly mapToRegistry using default registry
11 silly mapToRegistry registry https://registry.npmjs.org/
12 silly mapToRegistry data Result {
12 silly mapToRegistry   raw: 'yarn',
12 silly mapToRegistry   scope: null,
12 silly mapToRegistry   escapedName: 'yarn',
12 silly mapToRegistry   name: 'yarn',
12 silly mapToRegistry   rawSpec: '',
12 silly mapToRegistry   spec: 'latest',
12 silly mapToRegistry   type: 'tag' }
13 silly mapToRegistry uri https://registry.npmjs.org/yarn
14 verbose request uri https://registry.npmjs.org/yarn
15 verbose request no auth needed
16 info attempt registry request try #1 at 19:30:43
17 verbose request id 8736409443fab399
18 verbose etag W/"59ff0bc7-32bec"
19 verbose lastModified Sun, 05 Nov 2017 13:01:59 GMT
20 http request GET https://registry.npmjs.org/yarn
21 http 304 https://registry.npmjs.org/yarn
22 verbose headers { date: 'Sat, 11 Nov 2017 14:00:46 GMT',
22 verbose headers   via: '1.1 varnish',
22 verbose headers   'cache-control': 'max-age=300',
22 verbose headers   etag: 'W/"59ff0bc7-32bec"',
22 verbose headers   age: '46',
22 verbose headers   connection: 'keep-alive',
22 verbose headers   'x-served-by': 'cache-ewr18148-EWR',
22 verbose headers   'x-cache': 'HIT',
22 verbose headers   'x-cache-hits': '1',
22 verbose headers   'x-timer': 'S1510408846.044652,VS0,VE0',
22 verbose headers   vary: 'Accept-Encoding, Accept' }
23 silly get cb [ 304,
23 silly get   { date: 'Sat, 11 Nov 2017 14:00:46 GMT',
23 silly get     via: '1.1 varnish',
23 silly get     'cache-control': 'max-age=300',
23 silly get     etag: 'W/"59ff0bc7-32bec"',
23 silly get     age: '46',
23 silly get     connection: 'keep-alive',
23 silly get     'x-served-by': 'cache-ewr18148-EWR',
23 silly get     'x-cache': 'HIT',
23 silly get     'x-cache-hits': '1',
23 silly get     'x-timer': 'S1510408846.044652,VS0,VE0',
23 silly get     vary: 'Accept-Encoding, Accept' } ]
24 verbose etag https://registry.npmjs.org/yarn from cache
25 verbose get saving yarn to /Users/shubhamkanodia/.npm/registry.npmjs.org/yarn/.cache.json
26 verbose correctMkdir /Users/shubhamkanodia/.npm correctMkdir not in flight; initializing
27 silly install normalizeTree
28 silly loadCurrentTree Finishing
29 silly loadIdealTree Starting
30 silly install loadIdealTree
31 silly cloneCurrentTree Starting
32 silly install cloneCurrentTreeToIdealTree
33 silly cloneCurrentTree Finishing
34 silly loadShrinkwrap Starting
35 silly install loadShrinkwrap
36 silly loadShrinkwrap Finishing
37 silly loadAllDepsIntoIdealTree Starting
38 silly install loadAllDepsIntoIdealTree
39 silly resolveWithNewModule yarn@1.3.2 checking installable status
40 silly cache add args [ 'yarn', null ]
41 verbose cache add spec yarn
42 silly cache add parsed spec Result {
42 silly cache add   raw: 'yarn',
42 silly cache add   scope: null,
42 silly cache add   escapedName: 'yarn',
42 silly cache add   name: 'yarn',
42 silly cache add   rawSpec: '',
42 silly cache add   spec: 'latest',
42 silly cache add   type: 'tag' }
43 silly addNamed yarn@latest
44 verbose addNamed "latest" is being treated as a dist-tag for yarn
45 info addNameTag [ 'yarn', 'latest' ]
46 silly mapToRegistry name yarn
47 silly mapToRegistry using default registry
48 silly mapToRegistry registry https://registry.npmjs.org/
49 silly mapToRegistry data Result {
49 silly mapToRegistry   raw: 'yarn',
49 silly mapToRegistry   scope: null,
49 silly mapToRegistry   escapedName: 'yarn',
49 silly mapToRegistry   name: 'yarn',
49 silly mapToRegistry   rawSpec: '',
49 silly mapToRegistry   spec: 'latest',
49 silly mapToRegistry   type: 'tag' }
50 silly mapToRegistry uri https://registry.npmjs.org/yarn
51 verbose addNameTag registry:https://registry.npmjs.org/yarn not in flight; fetching
52 verbose get https://registry.npmjs.org/yarn not expired, no request
53 silly addNameTag next cb for yarn with tag latest
54 silly addNamed yarn@1.3.2
55 verbose addNamed "1.3.2" is a plain semver version for yarn
56 silly cache afterAdd yarn@1.3.2
57 verbose afterAdd /Users/shubhamkanodia/.npm/yarn/1.3.2/package/package.json not in flight; writing
58 verbose correctMkdir /Users/shubhamkanodia/.npm correctMkdir not in flight; initializing
59 verbose afterAdd /Users/shubhamkanodia/.npm/yarn/1.3.2/package/package.json written
60 verbose stack TypeError: Class constructor  cannot be invoked without 'new'
60 verbose stack     at doUntar (/usr/local/lib/node_modules/npm/lib/fetch-package-metadata.js:343:33)
60 verbose stack     at doGunzip (/usr/local/lib/node_modules/npm/lib/fetch-package-metadata.js:339:5)
60 verbose stack     at ReadStream.OD (/usr/local/lib/node_modules/npm/lib/fetch-package-metadata.js:315:7)
60 verbose stack     at emitOne (events.js:125:13)
60 verbose stack     at ReadStream.emit (events.js:221:7)
60 verbose stack     at addChunk (_stream_readable.js:265:12)
60 verbose stack     at readableAddChunk (_stream_readable.js:252:11)
60 verbose stack     at ReadStream.Readable.push (_stream_readable.js:209:10)
60 verbose stack     at onread (fs.js:2095:12)
60 verbose stack     at callback (/usr/local/lib/node_modules/npm/node_modules/graceful-fs/polyfills.js:108:19)
61 verbose cwd /Users/shubhamkanodia/DBMS
62 error Darwin 16.4.0
63 error argv "/usr/local/bin/node" "/usr/local/bin/npm" "i" "-g" "yarn"
64 error node v9.1.0
65 error npm  v3.10.9
66 error Class constructor  cannot be invoked without 'new'
67 error If you need help, you may report this error at:
67 error     <https://github.com/npm/npm/issues>
68 verbose exit [ 1, true ]
